Determining if the pthread_create exist failed with the following output:
Change Dir: /home/gsuspy/Desktop/Graphics/FinalProject/CMakeFiles/CMakeTmp

Run Build Command:/usr/bin/make "cmTryCompileExec1052588820/fast"
/usr/bin/make -f CMakeFiles/cmTryCompileExec1052588820.dir/build.make CMakeFiles/cmTryCompileExec1052588820.dir/build
make[1]: Entering directory `/home/gsuspy/Desktop/Graphics/FinalProject/CMakeFiles/CMakeTmp'
/usr/bin/cmake -E cmake_progress_report /home/gsuspy/Desktop/Graphics/FinalProject/CMakeFiles/CMakeTmp/CMakeFiles 1
Building C object CMakeFiles/cmTryCompileExec1052588820.dir/CheckSymbolExists.c.o
/usr/bin/cc    -o CMakeFiles/cmTryCompileExec1052588820.dir/CheckSymbolExists.c.o   -c /home/gsuspy/Desktop/Graphics/FinalProject/CMakeFiles/CMakeTmp/CheckSymbolExists.c
Linking C executable cmTryCompileExec1052588820
/usr/bin/cmake -E cmake_link_script CMakeFiles/cmTryCompileExec1052588820.dir/link.txt --verbose=1
/usr/bin/cc       CMakeFiles/cmTryCompileExec1052588820.dir/CheckSymbolExists.c.o  -o cmTryCompileExec1052588820 -rdynamic 
CMakeFiles/cmTryCompileExec1052588820.dir/CheckSymbolExists.c.o: In function `main':
CheckSymbolExists.c:(.text+0x16): undefined reference to `pthread_create'
collect2: error: ld returned 1 exit status
make[1]: Leaving directory `/home/gsuspy/Desktop/Graphics/FinalProject/CMakeFiles/CMakeTmp'
make[1]: *** [cmTryCompileExec1052588820] Error 1
make: *** [cmTryCompileExec1052588820/fast] Error 2

File /home/gsuspy/Desktop/Graphics/FinalProject/CMakeFiles/CMakeTmp/CheckSymbolExists.c:
/* */
#include <pthread.h>

int main(int argc, char** argv)
{
  (void)argv;
#ifndef pthread_create
  return ((int*)(&pthread_create))[argc];
#else
  (void)argc;
  return 0;
#endif
}

Determining if the function pthread_create exists in the pthreads failed with the following output:
Change Dir: /home/gsuspy/Desktop/Graphics/FinalProject/CMakeFiles/CMakeTmp

Run Build Command:/usr/bin/make "cmTryCompileExec2007329019/fast"
/usr/bin/make -f CMakeFiles/cmTryCompileExec2007329019.dir/build.make CMakeFiles/cmTryCompileExec2007329019.dir/build
make[1]: Entering directory `/home/gsuspy/Desktop/Graphics/FinalProject/CMakeFiles/CMakeTmp'
/usr/bin/cmake -E cmake_progress_report /home/gsuspy/Desktop/Graphics/FinalProject/CMakeFiles/CMakeTmp/CMakeFiles 1
Building C object CMakeFiles/cmTryCompileExec2007329019.dir/CheckFunctionExists.c.o
/usr/bin/cc   -DCHECK_FUNCTION_EXISTS=pthread_create   -o CMakeFiles/cmTryCompileExec2007329019.dir/CheckFunctionExists.c.o   -c /usr/share/cmake-2.8/Modules/CheckFunctionExists.c
Linking C executable cmTryCompileExec2007329019
/usr/bin/cmake -E cmake_link_script CMakeFiles/cmTryCompileExec2007329019.dir/link.txt --verbose=1
/usr/bin/cc   -DCHECK_FUNCTION_EXISTS=pthread_create    CMakeFiles/cmTryCompileExec2007329019.dir/CheckFunctionExists.c.o  -o cmTryCompileExec2007329019 -rdynamic -lpthreads 
/usr/bin/ld: cannot find -lpthreads
collect2: error: ld returned 1 exit status
make[1]: *** [cmTryCompileExec2007329019] Error 1
make[1]: Leaving directory `/home/gsuspy/Desktop/Graphics/FinalProject/CMakeFiles/CMakeTmp'
make: *** [cmTryCompileExec2007329019/fast] Error 2


Determining if the function glXGetProcAddressEXT exists failed with the following output:
Change Dir: /home/gsuspy/Desktop/Graphics/FinalProject/CMakeFiles/CMakeTmp

Run Build Command:/usr/bin/make "cmTryCompileExec1867554309/fast"
/usr/bin/make -f CMakeFiles/cmTryCompileExec1867554309.dir/build.make CMakeFiles/cmTryCompileExec1867554309.dir/build
make[1]: Entering directory `/home/gsuspy/Desktop/Graphics/FinalProject/CMakeFiles/CMakeTmp'
/usr/bin/cmake -E cmake_progress_report /home/gsuspy/Desktop/Graphics/FinalProject/CMakeFiles/CMakeTmp/CMakeFiles 1
Building C object CMakeFiles/cmTryCompileExec1867554309.dir/CheckFunctionExists.c.o
/usr/bin/cc   -DCHECK_FUNCTION_EXISTS=glXGetProcAddressEXT   -o CMakeFiles/cmTryCompileExec1867554309.dir/CheckFunctionExists.c.o   -c /usr/share/cmake-2.8/Modules/CheckFunctionExists.c
Linking C executable cmTryCompileExec1867554309
/usr/bin/cmake -E cmake_link_script CMakeFiles/cmTryCompileExec1867554309.dir/link.txt --verbose=1
/usr/bin/cc   -DCHECK_FUNCTION_EXISTS=glXGetProcAddressEXT    CMakeFiles/cmTryCompileExec1867554309.dir/CheckFunctionExists.c.o  -o cmTryCompileExec1867554309 -rdynamic -lGL 
CMakeFiles/cmTryCompileExec1867554309.dir/CheckFunctionExists.c.o: In function `main':
CheckFunctionExists.c:(.text+0x15): undefined reference to `glXGetProcAddressEXT'
collect2: error: ld returned 1 exit status
make[1]: Leaving directory `/home/gsuspy/Desktop/Graphics/FinalProject/CMakeFiles/CMakeTmp'
make[1]: *** [cmTryCompileExec1867554309] Error 1
make: *** [cmTryCompileExec1867554309/fast] Error 2


Determining if the pthread_create exist failed with the following output:
Change Dir: /home/gsuspy/Desktop/Graphics/FinalProject/CMakeFiles/CMakeTmp

Run Build Command:/usr/bin/make "cmTryCompileExec3841075408/fast"
/usr/bin/make -f CMakeFiles/cmTryCompileExec3841075408.dir/build.make CMakeFiles/cmTryCompileExec3841075408.dir/build
make[1]: Entering directory `/home/gsuspy/Desktop/Graphics/FinalProject/CMakeFiles/CMakeTmp'
/usr/bin/cmake -E cmake_progress_report /home/gsuspy/Desktop/Graphics/FinalProject/CMakeFiles/CMakeTmp/CMakeFiles 1
Building C object CMakeFiles/cmTryCompileExec3841075408.dir/CheckSymbolExists.c.o
/usr/bin/cc    -o CMakeFiles/cmTryCompileExec3841075408.dir/CheckSymbolExists.c.o   -c /home/gsuspy/Desktop/Graphics/FinalProject/CMakeFiles/CMakeTmp/CheckSymbolExists.c
Linking C executable cmTryCompileExec3841075408
/usr/bin/cmake -E cmake_link_script CMakeFiles/cmTryCompileExec3841075408.dir/link.txt --verbose=1
/usr/bin/cc       CMakeFiles/cmTryCompileExec3841075408.dir/CheckSymbolExists.c.o  -o cmTryCompileExec3841075408 -rdynamic 
CMakeFiles/cmTryCompileExec3841075408.dir/CheckSymbolExists.c.o: In function `main':
CheckSymbolExists.c:(.text+0x16): undefined reference to `pthread_create'
collect2: error: ld returned 1 exit status
make[1]: *** [cmTryCompileExec3841075408] Error 1
make[1]: Leaving directory `/home/gsuspy/Desktop/Graphics/FinalProject/CMakeFiles/CMakeTmp'
make: *** [cmTryCompileExec3841075408/fast] Error 2

File /home/gsuspy/Desktop/Graphics/FinalProject/CMakeFiles/CMakeTmp/CheckSymbolExists.c:
/* */
#include <pthread.h>

int main(int argc, char** argv)
{
  (void)argv;
#ifndef pthread_create
  return ((int*)(&pthread_create))[argc];
#else
  (void)argc;
  return 0;
#endif
}

Determining if the function pthread_create exists in the pthreads failed with the following output:
Change Dir: /home/gsuspy/Desktop/Graphics/FinalProject/CMakeFiles/CMakeTmp

Run Build Command:/usr/bin/make "cmTryCompileExec736846845/fast"
/usr/bin/make -f CMakeFiles/cmTryCompileExec736846845.dir/build.make CMakeFiles/cmTryCompileExec736846845.dir/build
make[1]: Entering directory `/home/gsuspy/Desktop/Graphics/FinalProject/CMakeFiles/CMakeTmp'
/usr/bin/cmake -E cmake_progress_report /home/gsuspy/Desktop/Graphics/FinalProject/CMakeFiles/CMakeTmp/CMakeFiles 1
Building C object CMakeFiles/cmTryCompileExec736846845.dir/CheckFunctionExists.c.o
/usr/bin/cc   -DCHECK_FUNCTION_EXISTS=pthread_create   -o CMakeFiles/cmTryCompileExec736846845.dir/CheckFunctionExists.c.o   -c /usr/share/cmake-2.8/Modules/CheckFunctionExists.c
Linking C executable cmTryCompileExec736846845
/usr/bin/cmake -E cmake_link_script CMakeFiles/cmTryCompileExec736846845.dir/link.txt --verbose=1
/usr/bin/cc   -DCHECK_FUNCTION_EXISTS=pthread_create    CMakeFiles/cmTryCompileExec736846845.dir/CheckFunctionExists.c.o  -o cmTryCompileExec736846845 -rdynamic -lpthreads 
/usr/bin/ld: cannot find -lpthreads
collect2: error: ld returned 1 exit status
make[1]: *** [cmTryCompileExec736846845] Error 1
make[1]: Leaving directory `/home/gsuspy/Desktop/Graphics/FinalProject/CMakeFiles/CMakeTmp'
make: *** [cmTryCompileExec736846845/fast] Error 2


Determining if the function glXGetProcAddressEXT exists failed with the following output:
Change Dir: /home/gsuspy/Desktop/Graphics/FinalProject/CMakeFiles/CMakeTmp

Run Build Command:/usr/bin/make "cmTryCompileExec3547456323/fast"
/usr/bin/make -f CMakeFiles/cmTryCompileExec3547456323.dir/build.make CMakeFiles/cmTryCompileExec3547456323.dir/build
make[1]: Entering directory `/home/gsuspy/Desktop/Graphics/FinalProject/CMakeFiles/CMakeTmp'
/usr/bin/cmake -E cmake_progress_report /home/gsuspy/Desktop/Graphics/FinalProject/CMakeFiles/CMakeTmp/CMakeFiles 1
Building C object CMakeFiles/cmTryCompileExec3547456323.dir/CheckFunctionExists.c.o
/usr/bin/cc   -DCHECK_FUNCTION_EXISTS=glXGetProcAddressEXT   -o CMakeFiles/cmTryCompileExec3547456323.dir/CheckFunctionExists.c.o   -c /usr/share/cmake-2.8/Modules/CheckFunctionExists.c
Linking C executable cmTryCompileExec3547456323
/usr/bin/cmake -E cmake_link_script CMakeFiles/cmTryCompileExec3547456323.dir/link.txt --verbose=1
/usr/bin/cc   -DCHECK_FUNCTION_EXISTS=glXGetProcAddressEXT    CMakeFiles/cmTryCompileExec3547456323.dir/CheckFunctionExists.c.o  -o cmTryCompileExec3547456323 -rdynamic -lGL 
CMakeFiles/cmTryCompileExec3547456323.dir/CheckFunctionExists.c.o: In function `main':
CheckFunctionExists.c:(.text+0x15): undefined reference to `glXGetProcAddressEXT'
collect2: error: ld returned 1 exit status
make[1]: Leaving directory `/home/gsuspy/Desktop/Graphics/FinalProject/CMakeFiles/CMakeTmp'
make[1]: *** [cmTryCompileExec3547456323] Error 1
make: *** [cmTryCompileExec3547456323/fast] Error 2


Determining if the pthread_create exist failed with the following output:
Change Dir: /home/gsuspy/Desktop/Graphics/FinalProject/CMakeFiles/CMakeTmp

Run Build Command:/usr/bin/make "cmTryCompileExec564573488/fast"
/usr/bin/make -f CMakeFiles/cmTryCompileExec564573488.dir/build.make CMakeFiles/cmTryCompileExec564573488.dir/build
make[1]: Entering directory `/home/gsuspy/Desktop/Graphics/FinalProject/CMakeFiles/CMakeTmp'
/usr/bin/cmake -E cmake_progress_report /home/gsuspy/Desktop/Graphics/FinalProject/CMakeFiles/CMakeTmp/CMakeFiles 1
Building C object CMakeFiles/cmTryCompileExec564573488.dir/CheckSymbolExists.c.o
/usr/bin/cc    -o CMakeFiles/cmTryCompileExec564573488.dir/CheckSymbolExists.c.o   -c /home/gsuspy/Desktop/Graphics/FinalProject/CMakeFiles/CMakeTmp/CheckSymbolExists.c
Linking C executable cmTryCompileExec564573488
/usr/bin/cmake -E cmake_link_script CMakeFiles/cmTryCompileExec564573488.dir/link.txt --verbose=1
/usr/bin/cc       CMakeFiles/cmTryCompileExec564573488.dir/CheckSymbolExists.c.o  -o cmTryCompileExec564573488 -rdynamic 
CMakeFiles/cmTryCompileExec564573488.dir/CheckSymbolExists.c.o: In function `main':
CheckSymbolExists.c:(.text+0x16): undefined reference to `pthread_create'
collect2: error: ld returned 1 exit status
make[1]: *** [cmTryCompileExec564573488] Error 1
make[1]: Leaving directory `/home/gsuspy/Desktop/Graphics/FinalProject/CMakeFiles/CMakeTmp'
make: *** [cmTryCompileExec564573488/fast] Error 2

File /home/gsuspy/Desktop/Graphics/FinalProject/CMakeFiles/CMakeTmp/CheckSymbolExists.c:
/* */
#include <pthread.h>

int main(int argc, char** argv)
{
  (void)argv;
#ifndef pthread_create
  return ((int*)(&pthread_create))[argc];
#else
  (void)argc;
  return 0;
#endif
}

Determining if the function pthread_create exists in the pthreads failed with the following output:
Change Dir: /home/gsuspy/Desktop/Graphics/FinalProject/CMakeFiles/CMakeTmp

Run Build Command:/usr/bin/make "cmTryCompileExec3857418265/fast"
/usr/bin/make -f CMakeFiles/cmTryCompileExec3857418265.dir/build.make CMakeFiles/cmTryCompileExec3857418265.dir/build
make[1]: Entering directory `/home/gsuspy/Desktop/Graphics/FinalProject/CMakeFiles/CMakeTmp'
/usr/bin/cmake -E cmake_progress_report /home/gsuspy/Desktop/Graphics/FinalProject/CMakeFiles/CMakeTmp/CMakeFiles 1
Building C object CMakeFiles/cmTryCompileExec3857418265.dir/CheckFunctionExists.c.o
/usr/bin/cc   -DCHECK_FUNCTION_EXISTS=pthread_create   -o CMakeFiles/cmTryCompileExec3857418265.dir/CheckFunctionExists.c.o   -c /usr/share/cmake-2.8/Modules/CheckFunctionExists.c
Linking C executable cmTryCompileExec3857418265
/usr/bin/cmake -E cmake_link_script CMakeFiles/cmTryCompileExec3857418265.dir/link.txt --verbose=1
/usr/bin/cc   -DCHECK_FUNCTION_EXISTS=pthread_create    CMakeFiles/cmTryCompileExec3857418265.dir/CheckFunctionExists.c.o  -o cmTryCompileExec3857418265 -rdynamic -lpthreads 
/usr/bin/ld: cannot find -lpthreads
collect2: error: ld returned 1 exit status
make[1]: Leaving directory `/home/gsuspy/Desktop/Graphics/FinalProject/CMakeFiles/CMakeTmp'
make[1]: *** [cmTryCompileExec3857418265] Error 1
make: *** [cmTryCompileExec3857418265/fast] Error 2


Determining if the function glXGetProcAddressEXT exists failed with the following output:
Change Dir: /home/gsuspy/Desktop/Graphics/FinalProject/CMakeFiles/CMakeTmp

Run Build Command:/usr/bin/make "cmTryCompileExec1513347951/fast"
/usr/bin/make -f CMakeFiles/cmTryCompileExec1513347951.dir/build.make CMakeFiles/cmTryCompileExec1513347951.dir/build
make[1]: Entering directory `/home/gsuspy/Desktop/Graphics/FinalProject/CMakeFiles/CMakeTmp'
/usr/bin/cmake -E cmake_progress_report /home/gsuspy/Desktop/Graphics/FinalProject/CMakeFiles/CMakeTmp/CMakeFiles 1
Building C object CMakeFiles/cmTryCompileExec1513347951.dir/CheckFunctionExists.c.o
/usr/bin/cc   -DCHECK_FUNCTION_EXISTS=glXGetProcAddressEXT   -o CMakeFiles/cmTryCompileExec1513347951.dir/CheckFunctionExists.c.o   -c /usr/share/cmake-2.8/Modules/CheckFunctionExists.c
Linking C executable cmTryCompileExec1513347951
/usr/bin/cmake -E cmake_link_script CMakeFiles/cmTryCompileExec1513347951.dir/link.txt --verbose=1
/usr/bin/cc   -DCHECK_FUNCTION_EXISTS=glXGetProcAddressEXT    CMakeFiles/cmTryCompileExec1513347951.dir/CheckFunctionExists.c.o  -o cmTryCompileExec1513347951 -rdynamic -lGL 
CMakeFiles/cmTryCompileExec1513347951.dir/CheckFunctionExists.c.o: In function `main':
CheckFunctionExists.c:(.text+0x15): undefined reference to `glXGetProcAddressEXT'
collect2: error: ld returned 1 exit status
make[1]: *** [cmTryCompileExec1513347951] Error 1
make[1]: Leaving directory `/home/gsuspy/Desktop/Graphics/FinalProject/CMakeFiles/CMakeTmp'
make: *** [cmTryCompileExec1513347951/fast] Error 2


Determining if the pthread_create exist failed with the following output:
Change Dir: /home/gsuspy/cpe476/CPE476Lab1/Lab1Template/CMakeFiles/CMakeTmp

Run Build Command:/usr/bin/make "cmTryCompileExec1841377909/fast"
/usr/bin/make -f CMakeFiles/cmTryCompileExec1841377909.dir/build.make CMakeFiles/cmTryCompileExec1841377909.dir/build
make[1]: Entering directory `/home/gsuspy/cpe476/CPE476Lab1/Lab1Template/CMakeFiles/CMakeTmp'
/usr/bin/cmake -E cmake_progress_report /home/gsuspy/cpe476/CPE476Lab1/Lab1Template/CMakeFiles/CMakeTmp/CMakeFiles 1
Building C object CMakeFiles/cmTryCompileExec1841377909.dir/CheckSymbolExists.c.o
/usr/bin/cc    -o CMakeFiles/cmTryCompileExec1841377909.dir/CheckSymbolExists.c.o   -c /home/gsuspy/cpe476/CPE476Lab1/Lab1Template/CMakeFiles/CMakeTmp/CheckSymbolExists.c
Linking C executable cmTryCompileExec1841377909
/usr/bin/cmake -E cmake_link_script CMakeFiles/cmTryCompileExec1841377909.dir/link.txt --verbose=1
/usr/bin/cc       CMakeFiles/cmTryCompileExec1841377909.dir/CheckSymbolExists.c.o  -o cmTryCompileExec1841377909 -rdynamic 
CMakeFiles/cmTryCompileExec1841377909.dir/CheckSymbolExists.c.o: In function `main':
CheckSymbolExists.c:(.text+0x16): undefined reference to `pthread_create'
collect2: error: ld returned 1 exit status
make[1]: *** [cmTryCompileExec1841377909] Error 1
make[1]: Leaving directory `/home/gsuspy/cpe476/CPE476Lab1/Lab1Template/CMakeFiles/CMakeTmp'
make: *** [cmTryCompileExec1841377909/fast] Error 2

File /home/gsuspy/cpe476/CPE476Lab1/Lab1Template/CMakeFiles/CMakeTmp/CheckSymbolExists.c:
/* */
#include <pthread.h>

int main(int argc, char** argv)
{
  (void)argv;
#ifndef pthread_create
  return ((int*)(&pthread_create))[argc];
#else
  (void)argc;
  return 0;
#endif
}

Determining if the function pthread_create exists in the pthreads failed with the following output:
Change Dir: /home/gsuspy/cpe476/CPE476Lab1/Lab1Template/CMakeFiles/CMakeTmp

Run Build Command:/usr/bin/make "cmTryCompileExec1227052550/fast"
/usr/bin/make -f CMakeFiles/cmTryCompileExec1227052550.dir/build.make CMakeFiles/cmTryCompileExec1227052550.dir/build
make[1]: Entering directory `/home/gsuspy/cpe476/CPE476Lab1/Lab1Template/CMakeFiles/CMakeTmp'
/usr/bin/cmake -E cmake_progress_report /home/gsuspy/cpe476/CPE476Lab1/Lab1Template/CMakeFiles/CMakeTmp/CMakeFiles 1
Building C object CMakeFiles/cmTryCompileExec1227052550.dir/CheckFunctionExists.c.o
/usr/bin/cc   -DCHECK_FUNCTION_EXISTS=pthread_create   -o CMakeFiles/cmTryCompileExec1227052550.dir/CheckFunctionExists.c.o   -c /usr/share/cmake-2.8/Modules/CheckFunctionExists.c
Linking C executable cmTryCompileExec1227052550
/usr/bin/cmake -E cmake_link_script CMakeFiles/cmTryCompileExec1227052550.dir/link.txt --verbose=1
/usr/bin/cc   -DCHECK_FUNCTION_EXISTS=pthread_create    CMakeFiles/cmTryCompileExec1227052550.dir/CheckFunctionExists.c.o  -o cmTryCompileExec1227052550 -rdynamic -lpthreads 
/usr/bin/ld: cannot find -lpthreads
collect2: error: ld returned 1 exit status
make[1]: *** [cmTryCompileExec1227052550] Error 1
make[1]: Leaving directory `/home/gsuspy/cpe476/CPE476Lab1/Lab1Template/CMakeFiles/CMakeTmp'
make: *** [cmTryCompileExec1227052550/fast] Error 2


Determining if the function glXGetProcAddressEXT exists failed with the following output:
Change Dir: /home/gsuspy/cpe476/CPE476Lab1/Lab1Template/CMakeFiles/CMakeTmp

Run Build Command:/usr/bin/make "cmTryCompileExec3137194114/fast"
/usr/bin/make -f CMakeFiles/cmTryCompileExec3137194114.dir/build.make CMakeFiles/cmTryCompileExec3137194114.dir/build
make[1]: Entering directory `/home/gsuspy/cpe476/CPE476Lab1/Lab1Template/CMakeFiles/CMakeTmp'
/usr/bin/cmake -E cmake_progress_report /home/gsuspy/cpe476/CPE476Lab1/Lab1Template/CMakeFiles/CMakeTmp/CMakeFiles 1
Building C object CMakeFiles/cmTryCompileExec3137194114.dir/CheckFunctionExists.c.o
/usr/bin/cc   -DCHECK_FUNCTION_EXISTS=glXGetProcAddressEXT   -o CMakeFiles/cmTryCompileExec3137194114.dir/CheckFunctionExists.c.o   -c /usr/share/cmake-2.8/Modules/CheckFunctionExists.c
Linking C executable cmTryCompileExec3137194114
/usr/bin/cmake -E cmake_link_script CMakeFiles/cmTryCompileExec3137194114.dir/link.txt --verbose=1
/usr/bin/cc   -DCHECK_FUNCTION_EXISTS=glXGetProcAddressEXT    CMakeFiles/cmTryCompileExec3137194114.dir/CheckFunctionExists.c.o  -o cmTryCompileExec3137194114 -rdynamic -lGL 
CMakeFiles/cmTryCompileExec3137194114.dir/CheckFunctionExists.c.o: In function `main':
CheckFunctionExists.c:(.text+0x15): undefined reference to `glXGetProcAddressEXT'
collect2: error: ld returned 1 exit status
make[1]: *** [cmTryCompileExec3137194114] Error 1
make[1]: Leaving directory `/home/gsuspy/cpe476/CPE476Lab1/Lab1Template/CMakeFiles/CMakeTmp'
make: *** [cmTryCompileExec3137194114/fast] Error 2


